<?xml version="1.0" encoding="UTF-8"?>
<!-- Generated by org.testng.reporters.JUnitXMLReporter -->
<testsuite ignored="0" hostname="DESKTOP-UQGT4II" failures="0" tests="3" name="Test" time="51.953" errors="0" timestamp="2023-07-07T18:54:24 IST">
  <testcase classname="TestScenarios.TestMethods_GoogleSearch" name="SearhOperation" time="14.771"/>
  <testcase classname="TestScenarios.TestMethods_GoogleSearch" name="VerifyaccessFacebook" time="8.464"/>
  <testcase classname="TestScenarios.TestMethods_GoogleSearch" name="VerifyLogin" time="20.247"/>
</testsuite> <!-- Test -->
