<?xml version="1.0" encoding="UTF-8"?>
<!-- Generated by org.testng.reporters.JUnitXMLReporter -->
<testsuite ignored="0" hostname="DESKTOP-UQGT4II" failures="0" tests="3" name="Default test" time="45.924" errors="0" timestamp="2023-07-14T12:55:23 IST">
  <testcase classname="TestScenarios.Navigation$TestSA_RemoteValLogin" name="NavigateToFacebook" time="9.136"/>
  <testcase classname="TestScenarios.Navigation$TestSA_RemoteValLogin" name="NavigateBack" time="10.093"/>
  <testcase classname="TestScenarios.Navigation$TestSA_RemoteValLogin" name="NavigateForword" time="16.375"/>
</testsuite> <!-- Default test -->
